C51 COMPILER V9.60.0.0   DS18B20                                                           04/04/2023 08:39:34 PAGE 1   


C51 COMPILER V9.60.0.0, COMPILATION OF MODULE DS18B20
OBJECT MODULE PLACED IN ..\output\ds18b20.obj
COMPILER INVOKED BY: D:\software\keil\C51\BIN\C51.EXE ..\sourse\ds18b20.c OPTIMIZE(8,SPEED) BROWSE INCDIR(..\sourse) DEB
                    -UG OBJECTEXTEND PRINT(.\Listings\ds18b20.lst) TABS(2) OBJECT(..\output\ds18b20.obj)

line level    source

   1          #include "head.h"
   2          
   3          unsigned int temp;
   4          
   5          
   6          
   7          void ds18b20_config()
   8          {
   9   1        unsigned char LSB,HSB;
  10   1        
  11   1        EA = 0;
  12   1        init_ds18b20();
  13   1        EA = 1;
  14   1        
  15   1        
  16   1        Write_DS18B20(0xcc);
  17   1        Write_DS18B20(0x44);
  18   1        
  19   1        
  20   1        
  21   1        Delay_OneWire(10000);
  22   1        
  23   1        
  24   1        
  25   1        init_ds18b20();
  26   1        
  27   1      
  28   1        
  29   1        
  30   1        Write_DS18B20(0xcc);
  31   1        Write_DS18B20(0xbe);
  32   1        
  33   1        
  34   1        
  35   1        LSB = Read_DS18B20();
  36   1        HSB = Read_DS18B20();
  37   1        EA = 1;
  38   1        
  39   1        temp = HSB;
  40   1        temp = (temp << 8) | LSB;
  41   1        
  42   1        
  43   1        if((temp & 0x800) == 0x0000)
  44   1        {
  45   2          temp >>= 4;
  46   2          temp = temp*10;
  47   2          temp = temp +(LSB & 0x0f)*0.625;
  48   2        }
  49   1      
  50   1      }
  51          
  52          
  53          
  54          
C51 COMPILER V9.60.0.0   DS18B20                                                           04/04/2023 08:39:34 PAGE 2   

  55          
  56          
  57          
  58          
  59          
  60          
  61          
  62          
  63          
  64          
  65          
  66          
  67          
  68          
  69          
  70          
  71          
  72          
  73          
  74          
  75          
  76          
  77          
  78          
  79          
  80          
  81          
  82          
  83          
  84          
  85          
  86          
  87          
  88          
  89          


MODULE INFORMATION:   STATIC OVERLAYABLE
   CODE SIZE        =    149    ----
   CONSTANT SIZE    =   ----    ----
   XDATA SIZE       =   ----    ----
   PDATA SIZE       =   ----    ----
   DATA SIZE        =      2       1
   IDATA SIZE       =   ----    ----
   BIT SIZE         =   ----    ----
END OF MODULE INFORMATION.


C51 COMPILATION COMPLETE.  0 WARNING(S),  0 ERROR(S)
