C51 COMPILER V9.60.0.0   HC138                                                             04/04/2023 08:29:02 PAGE 1   


C51 COMPILER V9.60.0.0, COMPILATION OF MODULE HC138
OBJECT MODULE PLACED IN ..\output\hc138.obj
COMPILER INVOKED BY: D:\software\keil\C51\BIN\C51.EXE ..\sourse\hc138.c OPTIMIZE(8,SPEED) BROWSE INCDIR(..\sourse) DEBUG
                    - OBJECTEXTEND PRINT(.\Listings\hc138.lst) TABS(2) OBJECT(..\output\hc138.obj)

line level    source

   1          #include "head.h"
   2          
   3          
   4          
   5          
   6          
   7          void delay_138(unsigned int t)
   8          {
   9   1        while(t--);
  10   1      }
  11          
  12          
  13          
  14          
  15          
  16          void HC138_config(unsigned char n)
  17          {
  18   1        switch(n)
  19   1        {
  20   2          case 4:
  21   2            P2 = (P2 & 0x1f) | 0x80;
  22   2          break;
  23   2          
  24   2          case 5:
  25   2            P2 = (P2 & 0x1f) | 0xa0;
  26   2          break;
  27   2              
  28   2          case 6:
  29   2            P2 = (P2 & 0x1f) | 0xc0;
  30   2          break;
  31   2                  
  32   2          case 7:
  33   2            P2 = (P2 & 0x1f) | 0xe0;
  34   2          break;
  35   2                      
  36   2          case 0:
  37   2            P2 = (P2 & 0x1f) | 0x00;
  38   2          break;
  39   2        }
  40   1      }
  41          
  42          
  43          void Delay1ms()   //@12.000MHz
  44          {
  45   1        unsigned char i, j;
  46   1      
  47   1        i = 12;
  48   1        j = 169;
  49   1        do
  50   1        {
  51   2          while (--j);
  52   2        } while (--i);
  53   1      }
  54          
C51 COMPILER V9.60.0.0   HC138                                                             04/04/2023 08:29:02 PAGE 2   

  55          
  56          
  57          
  58          void SMG_config(unsigned char adr,unsigned char dat)
  59          {
  60   1        P0 = 0XFF;
  61   1        HC138_config(6);
  62   1        P0 = adr;
  63   1        
  64   1        
  65   1        delay_138(1);
  66   1        HC138_config(7);
  67   1        P0 = dat;
  68   1        
  69   1      }
  70          
  71          
  72          
  73          
  74          
  75          
  76          
  77          
  78          
  79          
  80          


MODULE INFORMATION:   STATIC OVERLAYABLE
   CODE SIZE        =    104    ----
   CONSTANT SIZE    =   ----    ----
   XDATA SIZE       =   ----    ----
   PDATA SIZE       =   ----    ----
   DATA SIZE        =   ----    ----
   IDATA SIZE       =   ----    ----
   BIT SIZE         =   ----    ----
END OF MODULE INFORMATION.


C51 COMPILATION COMPLETE.  0 WARNING(S),  0 ERROR(S)
