C51 COMPILER V9.60.0.0   MAIN                                                              04/03/2023 21:14:51 PAGE 1   


C51 COMPILER V9.60.0.0, COMPILATION OF MODULE MAIN
OBJECT MODULE PLACED IN ..\output\main.obj
COMPILER INVOKED BY: D:\software\keil\C51\BIN\C51.EXE ..\sourse\main.c OPTIMIZE(8,SPEED) BROWSE INCDIR(..\sourse) DEBUG 
                    -OBJECTEXTEND PRINT(.\Listings\main.lst) TABS(2) OBJECT(..\output\main.obj)

line level    source

   1          #include "head.h"
   2          
   3          
   4          
   5          void main()
   6          {
   7   1        Timer0Init();
   8   1          
   9   1        while(1)
  10   1        {
  11   2          ds18b20_config();
  12   2        }
  13   1      
  14   1      }
  15          
  16          
  17          
  18          
  19          


MODULE INFORMATION:   STATIC OVERLAYABLE
   CODE SIZE        =      8    ----
   CONSTANT SIZE    =   ----    ----
   XDATA SIZE       =   ----    ----
   PDATA SIZE       =   ----    ----
   DATA SIZE        =   ----    ----
   IDATA SIZE       =   ----    ----
   BIT SIZE         =   ----    ----
END OF MODULE INFORMATION.


C51 COMPILATION COMPLETE.  0 WARNING(S),  0 ERROR(S)
