C51 COMPILER V9.60.0.0   SMG                                                               04/03/2023 21:14:51 PAGE 1   


C51 COMPILER V9.60.0.0, COMPILATION OF MODULE SMG
OBJECT MODULE PLACED IN ..\output\SMG.obj
COMPILER INVOKED BY: D:\software\keil\C51\BIN\C51.EXE ..\sourse\SMG.c OPTIMIZE(8,SPEED) BROWSE INCDIR(..\sourse) DEBUG O
                    -BJECTEXTEND PRINT(.\Listings\SMG.lst) TABS(2) OBJECT(..\output\SMG.obj)

line level    source

   1          #include "head.h"
   2          
   3          unsigned char code SMG_Table[17] = 
   4          {
   5          0xc0, //0
   6          0xf9, //1
   7          0xa4, //2
   8          0xb0, //3
   9          0x99, //4
  10          0x92, //5
  11          0x82, //6
  12          0xf8, //7
  13          0x80, //8
  14          0x90, //9
  15          0x88, //A
  16          0x83, //b
  17          0xc6, //C
  18          0xa1, //d
  19          0x86, //E
  20          0x8e, //F
  21          0x7f
  22          };
  23          
  24          unsigned char code SMG_adr[8] = {0x01,0x02,0x04,0x08,0x10,0x20,0x40,0x80};
  25          
  26          unsigned int temperature;
  27          
  28          
  29          void SMG_show()
  30          {
  31   1        unsigned char adrr,datt;
  32   1        
  33   1        static char i;
  34   1        i ++;
  35   1        if(i == 6)
  36   1        i = 1;
  37   1        switch(i)
  38   1        {
  39   2          case 1:
  40   2            adrr = 0;
  41   2            datt = 10;
  42   2          break;
  43   2          
  44   2          case 2:
  45   2            adrr = 5;
  46   2            datt = temp / 100;
  47   2          break;
  48   2          
  49   2          case 3:
  50   2            adrr = 6;
  51   2            datt = 16;
  52   2          break;
  53   2              
  54   2          case 4:
C51 COMPILER V9.60.0.0   SMG                                                               04/03/2023 21:14:51 PAGE 2   

  55   2            adrr = 6;
  56   2            datt = temp / 10 % 10;
  57   2          break;
  58   2                  
  59   2          case 5:
  60   2            adrr = 7;
  61   2            datt = temp % 10;
  62   2          break;
  63   2        
  64   2        }
  65   1        SMG_config(SMG_adr[adrr],SMG_Table[datt]);
  66   1      
  67   1      }


MODULE INFORMATION:   STATIC OVERLAYABLE
   CODE SIZE        =    120    ----
   CONSTANT SIZE    =     25    ----
   XDATA SIZE       =   ----    ----
   PDATA SIZE       =   ----    ----
   DATA SIZE        =      3       2
   IDATA SIZE       =   ----    ----
   BIT SIZE         =   ----    ----
END OF MODULE INFORMATION.


C51 COMPILATION COMPLETE.  0 WARNING(S),  0 ERROR(S)
