C51 COMPILER V9.60.0.0   TIMER                                                             04/04/2023 08:29:02 PAGE 1   


C51 COMPILER V9.60.0.0, COMPILATION OF MODULE TIMER
OBJECT MODULE PLACED IN ..\output\Timer.obj
COMPILER INVOKED BY: D:\software\keil\C51\BIN\C51.EXE ..\sourse\Timer.c OPTIMIZE(8,SPEED) BROWSE INCDIR(..\sourse) DEBUG
                    - OBJECTEXTEND PRINT(.\Listings\Timer.lst) TABS(2) OBJECT(..\output\Timer.obj)

line level    source

   1          #include "head.h"
   2          
   3          
   4          void Timer0Init()   //1毫秒@11.0592MHz
   5          {
   6   1        
   7   1        TMOD &= 0xF0;   //设置定时器模式
   8   1        TMOD |= 0x01;   //设置定时器模式
   9   1        
  10   1        TL0 = (65535 - 10000) % 256;    //设置定时初始值
  11   1        TH0 = (65535 - 10000) / 256;    //设置定时初始值
  12   1        
  13   1        TF0 = 0;    //清除TF0标志
  14   1        
  15   1        
  16   1        EA = 1;
  17   1        TR0 = 1;    //定时器0开始计时
  18   1        ET0 = 1;
  19   1      }
  20          
  21          
  22          
  23          void ServiceTimer0() interrupt 1
  24          {
  25   1        TL0 = (65535 - 100) % 256;    //设置定时初始值
  26   1        TH0 = (65535 - 100) / 256;    //设置定时初始值
  27   1        
  28   1        SMG_show();
  29   1        
  30   1        
  31   1      }
  32          
  33          
  34          //void Timer0Init()   //1毫秒@11.0592MHz
  35          //{
  36          //  
  37          //  TMOD &= 0xF0;   //设置定时器模式
  38          //  TMOD |= 0x01;   //设置定时器模式
  39          //  
  40          //  TL0 = 0x18;   //设置定时初始值
  41          //  TH0 = 0xfc;   //设置定时初始值
  42          //  
  43          //  TF0 = 0;
  44          //  TR0 = 1;
  45          //  ET0 = 1;
  46          //}
  47          
  48          
  49          //void ServiceTimer0() interrupt 1
  50          //{
  51          //  TL0 = 0X18;   //设置定时初始值
  52          //  TH0 = 0XFC;   //设置定时初始值
  53          //  
  54          //  SMG_show();
C51 COMPILER V9.60.0.0   TIMER                                                             04/04/2023 08:29:02 PAGE 2   

  55          //  
  56          //  
  57          //}
  58          
  59          


MODULE INFORMATION:   STATIC OVERLAYABLE
   CODE SIZE        =     86    ----
   CONSTANT SIZE    =   ----    ----
   XDATA SIZE       =   ----    ----
   PDATA SIZE       =   ----    ----
   DATA SIZE        =   ----    ----
   IDATA SIZE       =   ----    ----
   BIT SIZE         =   ----    ----
END OF MODULE INFORMATION.


C51 COMPILATION COMPLETE.  0 WARNING(S),  0 ERROR(S)
